SF:lib\main.dart
DA:8,0
DA:9,0
DA:13,2
DA:15,1
DA:17,1
DA:20,1
DA:24,1
DA:27,1
DA:28,1
DA:39,1
DA:41,1
DA:42,1
DA:87,1
DA:89,2
DA:90,2
DA:91,2
DA:92,2
DA:93,2
DA:94,2
DA:95,2
DA:96,2
DA:97,2
DA:98,2
DA:99,2
DA:100,1
DA:103,0
DA:104,0
DA:105,0
DA:106,0
DA:107,0
DA:110,0
DA:111,0
DA:112,0
DA:113,0
DA:117,0
DA:119,0
DA:120,0
DA:121,0
DA:122,0
DA:126,0
DA:127,0
DA:132,0
DA:133,0
DA:134,0
DA:138,0
DA:139,0
DA:145,0
DA:146,0
DA:147,0
DA:148,0
DA:152,1
DA:154,1
DA:156,1
DA:159,1
DA:160,1
DA:163,1
DA:165,1
DA:168,1
DA:172,1
DA:173,1
DA:174,2
DA:175,1
DA:177,1
DA:180,1
DA:181,1
DA:183,1
DA:186,1
DA:187,1
DA:189,1
DA:190,2
DA:196,1
DA:197,0
DA:200,0
DA:209,2
DA:210,0
DA:216,1
DA:217,1
DA:219,1
DA:220,1
DA:222,1
DA:223,1
DA:225,1
DA:226,2
DA:227,2
DA:228,2
DA:229,1
DA:231,1
DA:234,1
DA:236,1
DA:242,1
DA:244,1
DA:245,2
DA:246,1
DA:247,1
DA:248,1
DA:249,1
DA:250,1
DA:251,1
DA:255,3
DA:256,0
DA:257,0
DA:258,0
DA:264,1
DA:267,1
DA:268,1
DA:270,1
DA:271,0
DA:272,0
DA:273,0
DA:276,1
DA:278,1
DA:279,0
DA:280,0
DA:281,0
DA:284,1
DA:286,1
DA:287,0
DA:288,0
DA:289,0
DA:296,1
DA:298,1
DA:299,2
DA:300,2
DA:301,2
DA:302,2
DA:303,1
DA:304,1
DA:306,1
DA:307,1
DA:312,1
DA:313,1
DA:315,1
DA:316,1
DA:318,0
DA:321,1
DA:322,0
DA:323,0
DA:324,0
DA:325,0
DA:326,0
DA:338,1
DA:339,1
DA:342,2
DA:343,1
DA:345,1
DA:347,1
DA:348,1
DA:353,4
DA:354,1
DA:361,1
DA:367,1
DA:371,1
DA:372,0
DA:373,1
DA:383,1
DA:384,1
DA:385,1
DA:386,0
DA:387,0
DA:388,0
DA:390,1
DA:392,1
DA:394,1
DA:395,1
DA:396,1
DA:397,1
DA:406,0
DA:407,0
DA:408,0
DA:410,0
DA:411,0
DA:412,0
DA:413,0
DA:420,0
DA:422,0
DA:423,0
DA:425,0
DA:426,0
DA:428,0
DA:429,0
DA:430,0
DA:431,0
DA:432,0
DA:433,0
DA:436,0
DA:437,0
DA:438,0
DA:439,0
DA:440,0
DA:442,0
DA:443,0
DA:444,0
DA:445,0
DA:446,0
DA:448,0
DA:449,0
DA:450,0
DA:451,0
DA:452,0
DA:454,0
DA:455,0
DA:456,0
DA:459,0
DA:460,0
DA:461,0
DA:464,0
DA:468,0
DA:469,0
DA:471,0
DA:472,0
DA:473,0
DA:474,0
DA:475,0
DA:476,0
DA:478,0
DA:479,0
DA:480,0
DA:481,0
DA:482,0
DA:483,0
DA:484,0
DA:486,0
DA:487,0
DA:488,0
DA:489,0
DA:490,0
DA:491,0
DA:492,0
DA:493,0
DA:494,0
DA:495,0
DA:496,0
DA:497,0
DA:506,0
DA:509,0
DA:510,0
DA:512,0
DA:513,0
DA:514,0
DA:517,0
DA:519,0
DA:520,0
DA:521,0
DA:522,0
DA:523,0
DA:524,0
DA:525,0
DA:532,0
DA:533,0
DA:535,0
DA:537,0
DA:538,0
DA:539,0
DA:540,0
DA:546,0
DA:547,0
DA:548,0
DA:554,0
DA:555,0
DA:557,0
DA:558,0
DA:559,0
DA:563,0
DA:566,0
DA:567,0
DA:571,0
DA:577,0
DA:578,0
DA:580,0
DA:582,0
DA:583,0
DA:584,0
DA:585,0
DA:588,0
DA:589,0
DA:591,0
DA:593,0
DA:594,0
DA:598,0
DA:600,0
DA:603,0
DA:604,0
DA:613,0
DA:620,0
DA:621,0
DA:623,0
DA:630,0
DA:635,0
DA:636,0
DA:637,0
DA:639,0
DA:640,0
DA:641,0
DA:642,0
DA:645,0
DA:649,0
DA:650,0
DA:652,0
DA:653,0
DA:654,0
DA:655,0
DA:658,0
DA:659,0
DA:660,0
DA:661,0
DA:662,0
DA:665,0
DA:670,0
DA:671,0
DA:673,0
DA:674,0
DA:675,0
DA:676,0
DA:678,0
DA:679,0
DA:680,0
DA:683,0
DA:685,0
DA:686,0
DA:692,0
DA:693,0
DA:694,0
DA:696,0
DA:697,0
DA:698,0
DA:701,0
DA:703,0
DA:704,0
DA:715,0
DA:716,0
DA:718,0
DA:720,0
DA:721,0
DA:723,0
DA:724,0
DA:725,0
DA:727,0
DA:728,0
DA:735,0
DA:736,0
DA:737,0
DA:744,0
DA:745,0
DA:748,0
DA:749,0
DA:750,0
DA:752,0
DA:754,0
DA:755,0
DA:756,0
DA:757,0
DA:758,0
DA:765,0
DA:766,0
DA:767,0
DA:769,0
DA:770,0
DA:772,0
DA:773,0
DA:774,0
DA:775,0
DA:776,0
DA:777,0
DA:778,0
DA:779,0
DA:780,0
DA:783,0
DA:788,0
DA:789,0
DA:790,0
DA:793,0
DA:806,0
DA:807,0
DA:808,0
DA:809,0
DA:812,0
DA:814,0
DA:817,0
DA:818,0
DA:820,0
DA:828,0
LF:381
LH:114
end_of_record
